# JRE version: OpenJDK Runtime Environment Microsoft-8035246 (17.0.8+7) (build 17.0.8+7-LTS)
# Java VM: OpenJDK 64-Bit Server VM Microsoft-8035246 (17.0.8+7-LTS, mixed mode, sharing, tiered, compressed oops, compressed class ptrs, g1 gc, windows-amd64)
GC Precious Log:
 CPUs: 8 total, 8 available
 Memory: 7616M
 Large Page Support: Disabled
 NUMA Support: Disabled
 Compressed Oops: Enabled (32-bit)
 Heap Region Size: 1M
 Heap Min Capacity: 8M
 Heap Initial Capacity: 120M
 Heap Max Capacity: 2G
 Pre-touch: Disabled
 Parallel Workers: 8
 Concurrent Workers: 2
 Concurrent Refinement Workers: 8
 Periodic GC: Disabled
Heap:
 garbage-first heap   total 229376K, used 169338K [0x0000000080000000, 0x0000000100000000)
  region size 1024K, 14 young (14336K), 5 survivors (5120K)
 Metaspace       used 103081K, committed 104000K, reserved 557056K
  class space    used 14407K, committed 14848K, reserved 425984K
GC Heap History (20 events):
Event: 40.981 GC heap before
{Heap before GC invocations=55 (full 0):
 garbage-first heap   total 229376K, used 146644K [0x0000000080000000, 0x0000000100000000)
  region size 1024K, 19 young (19456K), 3 survivors (3072K)
 Metaspace       used 93961K, committed 94848K, reserved 557056K
  class space    used 13156K, committed 13568K, reserved 425984K
}
Event: 40.988 GC heap after
{Heap after GC invocations=56 (full 0):
 garbage-first heap   total 229376K, used 135825K [0x0000000080000000, 0x0000000100000000)
  region size 1024K, 3 young (3072K), 3 survivors (3072K)
 Metaspace       used 93961K, committed 94848K, reserved 557056K
  class space    used 13156K, committed 13568K, reserved 425984K
}
Event: 41.116 GC heap before
{Heap before GC invocations=56 (full 0):
 garbage-first heap   total 229376K, used 144017K [0x0000000080000000, 0x0000000100000000)
  region size 1024K, 11 young (11264K), 3 survivors (3072K)
 Metaspace       used 94398K, committed 95296K, reserved 557056K
  class space    used 13211K, committed 13632K, reserved 425984K
}
Event: 41.121 GC heap after
{Heap after GC invocations=57 (full 0):
 garbage-first heap   total 229376K, used 136610K [0x0000000080000000, 0x0000000100000000)
  region size 1024K, 1 young (1024K), 1 survivors (1024K)
 Metaspace       used 94398K, committed 95296K, reserved 557056K
  class space    used 13211K, committed 13632K, reserved 425984K
}
Event: 41.772 GC heap before
{Heap before GC invocations=57 (full 0):
 garbage-first heap   total 229376K, used 173474K [0x0000000080000000, 0x0000000100000000)
  region size 1024K, 37 young (37888K), 1 survivors (1024K)
 Metaspace       used 97191K, committed 98176K, reserved 557056K
  class space    used 13654K, committed 14144K, reserved 425984K
}
Event: 41.777 GC heap after
{Heap after GC invocations=58 (full 0):
 garbage-first heap   total 229376K, used 138031K [0x0000000080000000, 0x0000000100000000)
  region size 1024K, 3 young (3072K), 3 survivors (3072K)
 Metaspace       used 97191K, committed 98176K, reserved 557056K
  class space    used 13654K, committed 14144K, reserved 425984K
}
Event: 42.855 GC heap before
{Heap before GC invocations=58 (full 0):
 garbage-first heap   total 229376K, used 176943K [0x0000000080000000, 0x0000000100000000)
  region size 1024K, 41 young (41984K), 3 survivors (3072K)
 Metaspace       used 100096K, committed 100992K, reserved 557056K
  class space    used 14016K, committed 14464K, reserved 425984K
}
Event: 42.863 GC heap after
{Heap after GC invocations=59 (full 0):
 garbage-first heap   total 229376K, used 141574K [0x0000000080000000, 0x0000000100000000)
  region size 1024K, 6 young (6144K), 6 survivors (6144K)
 Metaspace       used 100096K, committed 100992K, reserved 557056K
  class space    used 14016K, committed 14464K, reserved 425984K
}
Event: 43.658 GC heap before
{Heap before GC invocations=59 (full 0):
 garbage-first heap   total 229376K, used 180486K [0x0000000080000000, 0x0000000100000000)
  region size 1024K, 44 young (45056K), 6 survivors (6144K)
 Metaspace       used 101300K, committed 102208K, reserved 557056K
  class space    used 14158K, committed 14592K, reserved 425984K
}
Event: 43.669 GC heap after
{Heap after GC invocations=60 (full 0):
 garbage-first heap   total 229376K, used 145597K [0x0000000080000000, 0x0000000100000000)
  region size 1024K, 5 young (5120K), 5 survivors (5120K)
 Metaspace       used 101300K, committed 102208K, reserved 557056K
  class space    used 14158K, committed 14592K, reserved 425984K
}
Event: 44.245 GC heap before
{Heap before GC invocations=60 (full 0):
 garbage-first heap   total 229376K, used 183485K [0x0000000080000000, 0x0000000100000000)
  region size 1024K, 42 young (43008K), 5 survivors (5120K)
 Metaspace       used 101776K, committed 102720K, reserved 557056K
  class space    used 14203K, committed 14656K, reserved 425984K
}
Event: 44.253 GC heap after
{Heap after GC invocations=61 (full 0):
 garbage-first heap   total 229376K, used 149831K [0x0000000080000000, 0x0000000100000000)
  region size 1024K, 5 young (5120K), 5 survivors (5120K)
 Metaspace       used 101776K, committed 102720K, reserved 557056K
  class space    used 14203K, committed 14656K, reserved 425984K
}
Event: 44.937 GC heap before
{Heap before GC invocations=61 (full 0):
 garbage-first heap   total 229376K, used 185671K [0x0000000080000000, 0x0000000100000000)
  region size 1024K, 41 young (41984K), 5 survivors (5120K)
 Metaspace       used 102612K, committed 103616K, reserved 557056K
  class space    used 14353K, committed 14848K, reserved 425984K
}
Event: 44.944 GC heap after
{Heap after GC invocations=62 (full 0):
 garbage-first heap   total 229376K, used 151607K [0x0000000080000000, 0x0000000100000000)
  region size 1024K, 3 young (3072K), 3 survivors (3072K)
 Metaspace       used 102612K, committed 103616K, reserved 557056K
  class space    used 14353K, committed 14848K, reserved 425984K
}
Event: 45.679 GC heap before
{Heap before GC invocations=62 (full 0):
 garbage-first heap   total 229376K, used 188471K [0x0000000080000000, 0x0000000100000000)
  region size 1024K, 40 young (40960K), 3 survivors (3072K)
 Metaspace       used 102995K, committed 103872K, reserved 557056K
  class space    used 14407K, committed 14848K, reserved 425984K
}
Event: 45.685 GC heap after
{Heap after GC invocations=63 (full 0):
 garbage-first heap   total 229376K, used 155432K [0x0000000080000000, 0x0000000100000000)
  region size 1024K, 5 young (5120K), 5 survivors (5120K)
 Metaspace       used 102995K, committed 103872K, reserved 557056K
  class space    used 14407K, committed 14848K, reserved 425984K
}
Event: 46.063 GC heap before
{Heap before GC invocations=63 (full 0):
 garbage-first heap   total 229376K, used 190248K [0x0000000080000000, 0x0000000100000000)
  region size 1024K, 40 young (40960K), 5 survivors (5120K)
 Metaspace       used 103074K, committed 104000K, reserved 557056K
  class space    used 14407K, committed 14848K, reserved 425984K
}
Event: 46.071 GC heap after
{Heap after GC invocations=64 (full 0):
 garbage-first heap   total 229376K, used 158064K [0x0000000080000000, 0x0000000100000000)
  region size 1024K, 3 young (3072K), 3 survivors (3072K)
 Metaspace       used 103074K, committed 104000K, reserved 557056K
  class space    used 14407K, committed 14848K, reserved 425984K
}
Event: 46.958 GC heap before
{Heap before GC invocations=64 (full 0):
 garbage-first heap   total 229376K, used 196976K [0x0000000080000000, 0x0000000100000000)
  region size 1024K, 37 young (37888K), 3 survivors (3072K)
 Metaspace       used 103079K, committed 104000K, reserved 557056K
  class space    used 14407K, committed 14848K, reserved 425984K
}
Event: 46.963 GC heap after
{Heap after GC invocations=65 (full 0):
 garbage-first heap   total 229376K, used 162170K [0x0000000080000000, 0x0000000100000000)
  region size 1024K, 5 young (5120K), 5 survivors (5120K)
 Metaspace       used 103079K, committed 104000K, reserved 557056K
  class space    used 14407K, committed 14848K, reserved 425984K
}

